# JRE version: OpenJDK Runtime Environment (11.0.2+9) (build 11.0.2+9)
# Java VM: OpenJDK 64-Bit Server VM (11.0.2+9, mixed mode, tiered, compressed oops, g1 gc, windows-amd64)
Heap:
 garbage-first heap   total 254976K, used 168561K [0x0000000740000000, 0x0000000800000000)
  region size 1024K, 42 young (43008K), 1 survivors (1024K)
 Metaspace       used 111493K, capacity 113272K, committed 115536K, reserved 1148928K
  class space    used 15323K, capacity 16036K, committed 16896K, reserved 1048576K
GC Heap History (10 events):
Event: 30914.800 GC heap before
{Heap before GC invocations=1712 (full 554):
 garbage-first heap   total 254976K, used 188359K [0x0000000740000000, 0x0000000800000000)
  region size 1024K, 60 young (61440K), 1 survivors (1024K)
 Metaspace       used 111492K, capacity 113272K, committed 115536K, reserved 1148928K
  class space    used 15323K, capacity 16036K, committed 16896K, reserved 1048576K
}
Event: 30914.801 GC heap after
{Heap after GC invocations=1713 (full 554):
 garbage-first heap   total 254976K, used 128190K [0x0000000740000000, 0x0000000800000000)
  region size 1024K, 2 young (2048K), 2 survivors (2048K)
 Metaspace       used 111492K, capacity 113272K, committed 115536K, reserved 1148928K
  class space    used 15323K, capacity 16036K, committed 16896K, reserved 1048576K
}
Event: 30915.718 GC heap before
{Heap before GC invocations=1713 (full 554):
 garbage-first heap   total 254976K, used 187582K [0x0000000740000000, 0x0000000800000000)
  region size 1024K, 60 young (61440K), 2 survivors (2048K)
 Metaspace       used 111492K, capacity 113272K, committed 115536K, reserved 1148928K
  class space    used 15323K, capacity 16036K, committed 16896K, reserved 1048576K
}
Event: 30915.721 GC heap after
{Heap after GC invocations=1714 (full 554):
 garbage-first heap   total 254976K, used 127975K [0x0000000740000000, 0x0000000800000000)
  region size 1024K, 2 young (2048K), 2 survivors (2048K)
 Metaspace       used 111492K, capacity 113272K, committed 115536K, reserved 1148928K
  class space    used 15323K, capacity 16036K, committed 16896K, reserved 1048576K
}
Event: 30917.981 GC heap before
{Heap before GC invocations=1714 (full 554):
 garbage-first heap   total 254976K, used 187367K [0x0000000740000000, 0x0000000800000000)
  region size 1024K, 60 young (61440K), 2 survivors (2048K)
 Metaspace       used 111493K, capacity 113272K, committed 115536K, reserved 1148928K
  class space    used 15323K, capacity 16036K, committed 16896K, reserved 1048576K
}
Event: 30917.982 GC heap after
{Heap after GC invocations=1715 (full 554):
 garbage-first heap   total 254976K, used 127712K [0x0000000740000000, 0x0000000800000000)
  region size 1024K, 1 young (1024K), 1 survivors (1024K)
 Metaspace       used 111493K, capacity 113272K, committed 115536K, reserved 1148928K
  class space    used 15323K, capacity 16036K, committed 16896K, reserved 1048576K
}
Event: 30918.681 GC heap before
{Heap before GC invocations=1715 (full 554):
 garbage-first heap   total 254976K, used 188128K [0x0000000740000000, 0x0000000800000000)
  region size 1024K, 60 young (61440K), 1 survivors (1024K)
 Metaspace       used 111493K, capacity 113272K, committed 115536K, reserved 1148928K
  class space    used 15323K, capacity 16036K, committed 16896K, reserved 1048576K
}
Event: 30918.682 GC heap after
{Heap after GC invocations=1716 (full 554):
 garbage-first heap   total 254976K, used 127614K [0x0000000740000000, 0x0000000800000000)
  region size 1024K, 1 young (1024K), 1 survivors (1024K)
 Metaspace       used 111493K, capacity 113272K, committed 115536K, reserved 1148928K
  class space    used 15323K, capacity 16036K, committed 16896K, reserved 1048576K
}
Event: 30919.874 GC heap before
{Heap before GC invocations=1716 (full 554):
 garbage-first heap   total 254976K, used 188030K [0x0000000740000000, 0x0000000800000000)
  region size 1024K, 60 young (61440K), 1 survivors (1024K)
 Metaspace       used 111493K, capacity 113272K, committed 115536K, reserved 1148928K
  class space    used 15323K, capacity 16036K, committed 16896K, reserved 1048576K
}
Event: 30919.875 GC heap after
{Heap after GC invocations=1717 (full 554):
 garbage-first heap   total 254976K, used 127601K [0x0000000740000000, 0x0000000800000000)
  region size 1024K, 1 young (1024K), 1 survivors (1024K)
 Metaspace       used 111493K, capacity 113272K, committed 115536K, reserved 1148928K
  class space    used 15323K, capacity 16036K, committed 16896K, reserved 1048576K
}

